<?xml version="1.0" encoding="UTF-8"?>
<testsuites name="New Test Suite" time="34.179" tests="1" failures="0" errors="0">
   <testsuite name="New Test Suite" tests="1" failures="0" errors="0" time="34.179" skipped="0" timestamp="2021-07-14 11:19:06" hostname="Abud - 192.168.0.7" id="Test Suites/New Test Suite">
      <properties>
         <property name="deviceName" value=""/>
         <property name="devicePlatform" value=""/>
         <property name="logFolder" value="C:\\Users\\Abud\\Katalon Studio\\udemy2\\Reports\\20210714_111852\\New Test Suite\\20210714_111852"/>
         <property name="logFiles" value="C:\\Users\\Abud\\Katalon Studio\\udemy2\\Reports\\20210714_111852\\New Test Suite\\20210714_111852\\execution0.log"/>
         <property name="attachments" value=""/>
         <property name="hostName" value="Abud - 192.168.0.7"/>
         <property name="os" value="Windows 10 64bit"/>
         <property name="katalonVersion" value="8.0.5.208"/>
         <property name="browser" value="Chrome 91.0.4472.124"/>
         <property name="hostAddress" value="192.168.0.7"/>
         <property name="sessionId" value="cf3571406cc4a336d6c28daa45b316b9"/>
         <property name="seleniumVersion" value="3.141.59"/>
         <property name="proxyInformation" value="ProxyInformation { proxyOption=NO_PROXY, proxyServerType=HTTP, username=, password=********, proxyServerAddress=, proxyServerPort=0, executionList=&quot;&quot;, isApplyToDesiredCapabilities=true }"/>
         <property name="platform" value="Windows 10"/>
      </properties>
      <testcase name="Test Cases/Dlvr - LogIn Overload" time="33.081" classname="Test Cases/Dlvr - LogIn Overload" status="PASSED">
         <system-out><![CDATA[2021-07-14 11:19:06 - [TEST_CASE][PASSED] - Test Cases/Dlvr - LogIn Overload: Test Cases/Dlvr - LogIn Overload

2021-07-14 11:19:06 - [TEST_STEP][PASSED] - openBrowser("http://overloadsoft.com/nct-qa/"): Browser is opened with url: 'http://overloadsoft.com/nct-qa/'

2021-07-14 11:19:07 - [MESSAGE][INFO] - Starting 'Chrome' driver

2021-07-14 11:19:07 - [MESSAGE][INFO] - Action delay is set to 0 milliseconds

2021-07-14 11:19:15 - [MESSAGE][PASSED] - Browser is opened with url: 'http://overloadsoft.com/nct-qa/'

2021-07-14 11:19:15 - [TEST_STEP][PASSED] - delay(1): Delayed 1 second(s)

2021-07-14 11:19:16 - [MESSAGE][PASSED] - Delayed 1 second(s)

2021-07-14 11:19:16 - [TEST_STEP][PASSED] - maximizeWindow(): Current window maximized

2021-07-14 11:19:16 - [MESSAGE][PASSED] - Current window maximized

2021-07-14 11:19:16 - [TEST_STEP][PASSED] - delay(1): Delayed 1 second(s)

2021-07-14 11:19:17 - [MESSAGE][PASSED] - Delayed 1 second(s)

2021-07-14 11:19:17 - [TEST_STEP][PASSED] - setText(findTestObject("DLVR/input_sign in_login"), "mauricio"): Text 'mauricio' is set on object 'Object Repository/DLVR/input_sign in_login'

2021-07-14 11:19:18 - [MESSAGE][PASSED] - Text 'mauricio' is set on object 'Object Repository/DLVR/input_sign in_login'

2021-07-14 11:19:18 - [TEST_STEP][PASSED] - delay(1): Delayed 1 second(s)

2021-07-14 11:19:19 - [MESSAGE][PASSED] - Delayed 1 second(s)

2021-07-14 11:19:19 - [TEST_STEP][PASSED] - setText(findTestObject("DLVR/input_sign in_password"), "cinco5"): Text 'cinco5' is set on object 'Object Repository/DLVR/input_sign in_password'

2021-07-14 11:19:20 - [MESSAGE][PASSED] - Text 'cinco5' is set on object 'Object Repository/DLVR/input_sign in_password'

2021-07-14 11:19:20 - [TEST_STEP][PASSED] - delay(1): Delayed 1 second(s)

2021-07-14 11:19:21 - [MESSAGE][PASSED] - Delayed 1 second(s)

2021-07-14 11:19:21 - [TEST_STEP][PASSED] - click(findTestObject("DLVR/button_sign in")): Object: 'Object Repository/DLVR/button_sign in' is clicked on

2021-07-14 11:19:21 - [MESSAGE][PASSED] - Object: 'Object Repository/DLVR/button_sign in' is clicked on

2021-07-14 11:19:21 - [TEST_STEP][PASSED] - delay(15): Delayed 15 second(s)

2021-07-14 11:19:36 - [MESSAGE][PASSED] - Delayed 15 second(s)

2021-07-14 11:19:36 - [TEST_STEP][PASSED] - closeBrowser(): Browser is closed

2021-07-14 11:19:37 - [MESSAGE][PASSED] - Browser is closed

2021-07-14 11:19:39 - [TEST_STEP][PASSED] - Video: Video recording for test case 'Test Cases/Dlvr - LogIn Overload' .

2021-07-14 11:19:39 - [MESSAGE][INFO] - Video recording for test case 'Test Cases/Dlvr - LogIn Overload' .]]></system-out>
         <system-err><![CDATA[]]></system-err>
      </testcase>
      <system-out><![CDATA[2021-07-14 11:19:06 - [TEST_SUITE][PASSED] - New Test Suite: Test Cases/Dlvr - LogIn Overload]]></system-out>
      <system-err><![CDATA[]]></system-err>
   </testsuite>
</testsuites>
